<?xml version="1.0" encoding="UTF-8"?>
<!-- Generated by org.testng.reporters.JUnitReportReporter -->
<testsuite name="runner.RunTest" tests="1" time="9.526" ignored="0" failures="0" timestamp="15 Sep 2017 18:40:00 GMT" skipped="0" hostname="DESKTOP-02QTJU3" errors="0">
  <testcase name="feature" time="9.526" classname="runner.RunTest"/>
</testsuite> <!-- runner.RunTest -->
